<?xml version="1.0" encoding="UTF-8"?>
<testsuite xmlns:xsi="http://www.w3.org/2001/XMLSchema-instance" xsi:noNamespaceSchemaLocation="https://maven.apache.org/surefire/maven-surefire-plugin/xsd/surefire-test-report.xsd" name="rbt.TestRedBlackTree" time="0.019" tests="5" errors="0" skipped="0" failures="0">
  <properties>
[...]
</properties>
  <testcase name="testAll" classname="rbt.TestRedBlackTree" time="0.013"/>
  <testcase name="testCase2" classname="rbt.TestRedBlackTree" time="0"/>
  <testcase name="testCase3" classname="rbt.TestRedBlackTree" time="0.001"/>
  <testcase name="testCase1A" classname="rbt.TestRedBlackTree" time="0"/>
  <testcase name="testCase1B" classname="rbt.TestRedBlackTree" time="0"/>
</testsuite>